<?xml version="1.0" encoding="UTF-8"?>
<!-- Generated by org.testng.reporters.JUnitReportReporter -->
<testsuite hostname="DESKTOP-MVG83EL" failures="0" tests="1" name="testCases.ReadAllProducts" time="2.768" errors="0" timestamp="26 Mar 2022 18:50:56 GMT" skipped="0">
  <testcase classname="testCases.ReadAllProducts" name="readAllProducts" time="2.768"/>
</testsuite> <!-- testCases.ReadAllProducts -->
